"../../../GD1_Ball/Content/StarterContent/Blueprints/Assets/FogBrightnessLUT.uasset" 0
"../../../GD1_Ball/Content/StarterContent/Blueprints/Assets/SunlightColorLUT.uasset" 1
"../../../GD1_Ball/Content/StarterContent/Blueprints/Assets/M_LightStage_Arrows.uasset" 2
"../../../Engine/Content/MapTemplates/Sky/DaylightAmbientCubemap.uasset" 3
"../../../GD1_Ball/Content/StarterContent/Blueprints/Assets/M_LightStage_Skybox_Master.uasset" 4
"../../../GD1_Ball/Content/StarterContent/Blueprints/Assets/M_LightStage_Skybox_Black.uasset" 5
"../../../GD1_Ball/Content/StarterContent/Blueprints/Assets/M_LightStage_Skybox_HDRI.uasset" 6
"../../../Engine/Content/EditorMaterials/Thumbnails/SkySphereMaterial.uasset" 7
"../../../GD1_Ball/Content/StarterContent/Blueprints/Assets/Skybox.uasset" 8
"../../../Engine/Content/Functions/Engine_MaterialFunctions01/Opacity/CameraDepthFade.uasset" 9
"../../../Engine/Content/EngineMaterials/T_Default_Material_Grid_M.uasset" 10
"../../../Engine/Content/EngineMaterials/T_Default_Material_Grid_N.uasset" 11
"../../../Engine/Content/EngineMaterials/WorldGridMaterial.uasset" 12
"../../../GD1_Ball/Content/StarterContent/Blueprints/Assets/SM_Arrows.uasset" 13
"../../../GD1_Ball/Content/StarterContent/HDRI/HDRI_Epic_Courtyard_Daylight.uasset" 14
"../../../GD1_Ball/Content/StarterContent/Blueprints/BP_LightStudio.uasset" 15
"../../../GD1_Ball/Content/StarterContent/Materials/M_AssetPlatform.uasset" 16
"../../../Engine/Content/EditorMeshes/ColorCalibrator/M_ChromeBall.uasset" 17
"../../../Engine/Content/EditorMeshes/ColorCalibrator/M_ClearCoat.uasset" 18
"../../../Engine/Content/EditorMeshes/ColorCalibrator/M_ClearCoatBlack.uasset" 19
"../../../Engine/Content/EditorMeshes/ColorCalibrator/T_ColorGrid.uasset" 20
"../../../Engine/Content/EditorMeshes/ColorCalibrator/M_ColorGrid.uasset" 21
"../../../Engine/Content/EditorMeshes/ColorCalibrator/M_GreyBall.uasset" 22
"../../../Engine/Content/EditorMeshes/ColorCalibrator/SM_ColorCalibrator.uasset" 23
"../../../GD1_Ball/Content/StarterContent/Architecture/SM_AssetPlatform.uasset" 24
"../../../GD1_Ball/Content/StarterContent/Maps/Advanced_Lighting.umap" 25
"../../../Engine/Content/EditorBlueprintResources/StandardMacros.uasset" 26
"../../../Engine/Content/EngineSky/C_Sky_Cloud_Color.uasset" 27
"../../../Engine/Content/EngineSky/C_Sky_Horizon_Color.uasset" 28
"../../../Engine/Content/EngineSky/C_Sky_Zenith_Color.uasset" 29
"../../../Engine/Content/EngineSky/T_Sky_Blue.uasset" 30
"../../../Engine/Content/EngineSky/T_Sky_Clouds_M.uasset" 31
"../../../Engine/Content/EngineSky/T_Sky_Stars.uasset" 32
"../../../Engine/Content/EngineSky/SM_SkySphere.uasset" 33
"../../../Engine/Content/EngineSky/M_Sky_Panning_Clouds2.uasset" 34
"../../../Engine/Content/EngineSky/BP_Sky_Sphere.uasset" 35
"../../../Engine/Content/EngineMaterials/DefaultMaterial.uasset" 36
"../../../Engine/Content/MapTemplates/SM_Template_Map_Floor.uasset" 37
"../../../GD1_Ball/Content/RollingBP/UMG/MainMenu/Alien_Ink_2560X1600_Abstract_Background.uasset" 38
"../../../GD1_Ball/Content/RollingBP/UMG/MainMenu/ButtonPush_1.uasset" 39
"../../../GD1_Ball/Content/RollingBP/UMG/MainMenu/ButtonPush_2.uasset" 40
"../../../GD1_Ball/Content/RollingBP/UMG/MainMenu/DryBallLogo.uasset" 41
"../../../GD1_Ball/Content/RollingBP/UMG/MainMenu/MainMenu_Button_Options_Hovered.uasset" 42
"../../../GD1_Ball/Content/RollingBP/UMG/MainMenu/MainMenu_Button_Options_Pressed.uasset" 43
"../../../GD1_Ball/Content/RollingBP/UMG/MainMenu/MainMenu_Button_Options_Unpressed.uasset" 44
"../../../GD1_Ball/Content/RollingBP/UMG/MainMenu/MainMenu_Button_QuitGame_Hovered.uasset" 45
"../../../GD1_Ball/Content/RollingBP/UMG/MainMenu/MainMenu_Button_QuitGame_Pressed.uasset" 46
"../../../GD1_Ball/Content/RollingBP/UMG/MainMenu/MainMenu_Button_QuitGame_Unpressed.uasset" 47
"../../../GD1_Ball/Content/RollingBP/UMG/MainMenu/MainMenu_Button_StartGame_Hovered.uasset" 48
"../../../GD1_Ball/Content/RollingBP/UMG/MainMenu/MainMenu_Button_StartGame_Pressed.uasset" 49
"../../../GD1_Ball/Content/RollingBP/UMG/MainMenu/MainMenu_Button_StartGame_Unpressed.uasset" 50
"../../../GD1_Ball/Content/RollingBP/UMG/MainMenu/Options_Button_1280x720_Hovered.uasset" 51
"../../../GD1_Ball/Content/RollingBP/UMG/MainMenu/Options_Button_1280x720_Pressed.uasset" 52
"../../../GD1_Ball/Content/RollingBP/UMG/MainMenu/Options_Button_1280x720_Unpressed.uasset" 53
"../../../GD1_Ball/Content/RollingBP/UMG/MainMenu/Options_Button_1920x1080_Hovered.uasset" 54
"../../../GD1_Ball/Content/RollingBP/UMG/MainMenu/Options_Button_1920x1080_Pressed.uasset" 55
"../../../GD1_Ball/Content/RollingBP/UMG/MainMenu/Options_Button_1920x1080_Unpressed.uasset" 56
"../../../GD1_Ball/Content/RollingBP/UMG/MainMenu/Options_Button_640x480_Hovered.uasset" 57
"../../../GD1_Ball/Content/RollingBP/UMG/MainMenu/Options_Button_640x480_Pressed.uasset" 58
"../../../GD1_Ball/Content/RollingBP/UMG/MainMenu/Options_Button_640x480_Unpressed.uasset" 59
"../../../GD1_Ball/Content/RollingBP/UMG/MainMenu/Options_Button_BackToMenu_Hovered.uasset" 60
"../../../GD1_Ball/Content/RollingBP/UMG/MainMenu/Options_Button_BackToMenu_Pressed.uasset" 61
"../../../GD1_Ball/Content/RollingBP/UMG/MainMenu/Options_Button_BackToMenu_Unpressed.uasset" 62
"../../../GD1_Ball/Content/RollingBP/UMG/MainMenu/ResolutionLogo.uasset" 63
"../../../GD1_Ball/Content/RollingBP/UMG/MainMenu/MainMenu.uasset" 64
"../../../GD1_Ball/Content/RollingBP/Maps/MainMenu.umap" 65
"../../../Engine/Content/EngineMaterials/DefaultDiffuse.uasset" 66
"../../../Engine/Content/EngineMaterials/DefaultNormal.uasset" 67
"../../../Engine/Content/Maps/Entry.umap" 68
"../../../GD1_Ball/Content/StarterContent/Textures/T_MacroVariation.uasset" 69
"../../../GD1_Ball/Content/StarterContent/Materials/M_Metal_Brushed_Nickel.uasset" 70
"../../../GD1_Ball/Content/StarterContent/Textures/T_Metal_Aluminum_D.uasset" 71
"../../../GD1_Ball/Content/StarterContent/Textures/T_Metal_Gold_N.uasset" 72
"../../../GD1_Ball/Content/StarterContent/Materials/M_Metal_Burnished_Steel.uasset" 73
"../../../GD1_Ball/Content/StarterContent/Textures/T_Metal_Copper_D.uasset" 74
"../../../GD1_Ball/Content/StarterContent/Materials/M_Metal_Copper.uasset" 75
"../../../GD1_Ball/Content/StarterContent/Textures/T_Chair_M.uasset" 76
"../../../GD1_Ball/Content/StarterContent/Textures/T_Chair_N.uasset" 77
"../../../GD1_Ball/Content/StarterContent/Props/Materials/M_Chair.uasset" 78
"../../../GD1_Ball/Content/StarterContent/Textures/T_Statue_M.uasset" 79
"../../../GD1_Ball/Content/StarterContent/Textures/T_Statue_N.uasset" 80
"../../../GD1_Ball/Content/StarterContent/Props/Materials/M_StatueGlass.uasset" 81
"../../../GD1_Ball/Content/StarterContent/Materials/M_Basic_Floor.uasset" 82
"../../../GD1_Ball/Content/StarterContent/Architecture/Floor_400x400.uasset" 83
"../../../GD1_Ball/Content/StarterContent/Audio/Starter_Birds01.uasset" 84
"../../../GD1_Ball/Content/StarterContent/Audio/Starter_Wind05.uasset" 85
"../../../GD1_Ball/Content/StarterContent/Audio/Starter_Wind06.uasset" 86
"../../../GD1_Ball/Content/StarterContent/Audio/Starter_Background_Cue.uasset" 87
"../../../GD1_Ball/Content/StarterContent/Props/SM_Chair.uasset" 88
"../../../GD1_Ball/Content/StarterContent/Props/Materials/M_Statue.uasset" 89
"../../../GD1_Ball/Content/StarterContent/Props/SM_Statue.uasset" 90
"../../../GD1_Ball/Content/StarterContent/Textures/T_TableRound_M.uasset" 91
"../../../GD1_Ball/Content/StarterContent/Textures/T_TableRound_N.uasset" 92
"../../../GD1_Ball/Content/StarterContent/Props/Materials/M_TableRound.uasset" 93
"../../../GD1_Ball/Content/StarterContent/Props/SM_TableRound.uasset" 94
"../../../GD1_Ball/Content/StarterContent/Maps/Minimal_Default.umap" 95
"../../../Engine/Content/Functions/Engine_MaterialFunctions02/Texturing/WorldPositionWithScale.uasset" 96
"../../../Engine/Content/Functions/Engine_MaterialFunctions03/Particles/Distance_Blend.uasset" 97
"../../../GD1_Ball/Content/Water/WPO_ocean/wpo_water_displ.uasset" 98
"../../../GD1_Ball/Content/Water/WPO_ocean/wpo_water_normal.uasset" 99
"../../../GD1_Ball/Content/Water/WPO_ocean/WPO_ocean.uasset" 100
"../../../GD1_Ball/Content/Water/WPO_ocean/WPO_ocean_Inst.uasset" 101
"../../../GD1_Ball/Content/Water/mesh_ocean_01/water_ocean_mesh.uasset" 102
"../../../GD1_Ball/Content/RollingBP/Maps/Ball_Main.umap" 103
"../../../GD1_Ball/Content/StarterContent/Audio/Fire01.uasset" 104
"../../../GD1_Ball/Content/StarterContent/Audio/Fire01_Cue.uasset" 105
"../../../GD1_Ball/Content/StarterContent/Textures/T_Fire_SubUV.uasset" 106
"../../../GD1_Ball/Content/StarterContent/Textures/T_Fire_Tiled_D.uasset" 107
"../../../GD1_Ball/Content/StarterContent/Particles/Materials/M_Fire_SubUV.uasset" 108
"../../../GD1_Ball/Content/StarterContent/Textures/T_Water_N.uasset" 109
"../../../GD1_Ball/Content/StarterContent/Particles/Materials/M_Heat_Distortion.uasset" 110
"../../../Engine/Content/Functions/Engine_MaterialFunctions01/Gradient/RadialGradient.uasset" 111
"../../../GD1_Ball/Content/StarterContent/Particles/Materials/M_Radial_Gradient.uasset" 112
"../../../GD1_Ball/Content/StarterContent/Textures/T_Smoke_SubUV.uasset" 113
"../../../GD1_Ball/Content/StarterContent/Textures/T_Smoke_Tiled_D.uasset" 114
"../../../GD1_Ball/Content/StarterContent/Particles/Materials/M_smoke_subUV.uasset" 115
"../../../GD1_Ball/Content/StarterContent/Particles/P_Fire.uasset" 116
"../../../GD1_Ball/Content/StarterContent/Blueprints/Blueprint_Effect_Fire.uasset" 117
"../../../GD1_Ball/Content/StarterContent/Audio/Smoke01.uasset" 118
"../../../GD1_Ball/Content/StarterContent/Audio/Smoke01_Cue.uasset" 119
"../../../GD1_Ball/Content/StarterContent/Particles/P_Smoke.uasset" 120
"../../../GD1_Ball/Content/StarterContent/Blueprints/Blueprint_Effect_Smoke.uasset" 121
"../../../GD1_Ball/Content/StarterContent/Audio/Fire_Sparks01.uasset" 122
"../../../GD1_Ball/Content/StarterContent/Audio/Fire_Sparks01_Cue.uasset" 123
"../../../GD1_Ball/Content/StarterContent/Textures/T_Spark_Core.uasset" 124
"../../../GD1_Ball/Content/StarterContent/Particles/Materials/M_Spark.uasset" 125
"../../../GD1_Ball/Content/StarterContent/Particles/P_Sparks.uasset" 126
"../../../GD1_Ball/Content/StarterContent/Blueprints/Blueprint_Effect_Sparks.uasset" 127
"../../../GD1_Ball/Content/StarterContent/Audio/Steam01.uasset" 128
"../../../GD1_Ball/Content/StarterContent/Audio/Steam01_Cue.uasset" 129
"../../../GD1_Ball/Content/StarterContent/Particles/P_Steam_Lit.uasset" 130
"../../../GD1_Ball/Content/StarterContent/Blueprints/Blueprint_Effect_Steam.uasset" 131
"../../../GD1_Ball/Content/StarterContent/Textures/T_Lamp_M.uasset" 132
"../../../GD1_Ball/Content/StarterContent/Textures/T_Lamp_N.uasset" 133
"../../../GD1_Ball/Content/StarterContent/Props/Materials/M_Lamp.uasset" 134
"../../../GD1_Ball/Content/StarterContent/Props/SM_Lamp_Ceiling.uasset" 135
"../../../GD1_Ball/Content/StarterContent/Blueprints/Blueprint_CeilingLight.uasset" 136
"../../../GD1_Ball/Content/StarterContent/Props/SM_Lamp_Wall.uasset" 137
"../../../GD1_Ball/Content/StarterContent/Blueprints/Blueprint_WallSconce.uasset" 138
"../../../Engine/Content/EngineFonts/RobotoDistanceField.uasset" 139
"../../../Engine/Content/Functions/Engine_MaterialFunctions03/Procedurals/ComputeFilterWidth.uasset" 140
"../../../Engine/Content/EngineMaterials/AntiAliasedTextMaterialTranslucent.uasset" 141
"../../../GD1_Ball/Content/StarterContent/Textures/T_Brick_Clay_Beveled_D.uasset" 142
"../../../GD1_Ball/Content/StarterContent/Textures/T_Brick_Clay_Beveled_M.uasset" 143
"../../../GD1_Ball/Content/StarterContent/Textures/T_Brick_Clay_Beveled_N.uasset" 144
"../../../GD1_Ball/Content/StarterContent/Materials/M_Brick_Clay_Beveled.uasset" 145
"../../../GD1_Ball/Content/StarterContent/Textures/T_Brick_Clay_New_D.uasset" 146
"../../../GD1_Ball/Content/StarterContent/Textures/T_Brick_Clay_New_M.uasset" 147
"../../../GD1_Ball/Content/StarterContent/Textures/T_Brick_Clay_New_N.uasset" 148
"../../../GD1_Ball/Content/StarterContent/Textures/T_Detail_Rocky_N.uasset" 149
"../../../GD1_Ball/Content/StarterContent/Materials/M_Brick_Clay_New.uasset" 150
"../../../GD1_Ball/Content/StarterContent/Textures/T_Brick_Clay_Old_D.uasset" 151
"../../../GD1_Ball/Content/StarterContent/Textures/T_Brick_Clay_Old_N.uasset" 152
"../../../GD1_Ball/Content/StarterContent/Textures/T_Perlin_Noise_M.uasset" 153
"../../../GD1_Ball/Content/StarterContent/Materials/M_Brick_Clay_Old.uasset" 154
"../../../GD1_Ball/Content/StarterContent/Textures/T_Brick_Cut_Stone_D.uasset" 155
"../../../GD1_Ball/Content/StarterContent/Textures/T_Brick_Cut_Stone_N.uasset" 156
"../../../GD1_Ball/Content/StarterContent/Materials/M_Brick_Cut_Stone.uasset" 157
"../../../GD1_Ball/Content/Rolling/Materials/PM_Floor.uasset" 158
"../../../GD1_Ball/Content/StarterContent/Textures/T_Brick_Hewn_Stone_D.uasset" 159
"../../../GD1_Ball/Content/StarterContent/Textures/T_Brick_Hewn_Stone_M.uasset" 160
"../../../GD1_Ball/Content/StarterContent/Textures/T_Brick_Hewn_Stone_N.uasset" 161
"../../../GD1_Ball/Content/StarterContent/Materials/M_Brick_Hewn_Stone.uasset" 162
"../../../GD1_Ball/Content/StarterContent/Textures/T_Ceramic_Tile_M.uasset" 163
"../../../GD1_Ball/Content/StarterContent/Textures/T_Ceramic_Tile_N.uasset" 164
"../../../GD1_Ball/Content/StarterContent/Textures/T_Rock_Marble_Polished_D.uasset" 165
"../../../GD1_Ball/Content/StarterContent/Materials/M_Ceramic_Tile_Checker.uasset" 166
"../../../GD1_Ball/Content/StarterContent/Textures/T_CobbleStone_Pebble_D.uasset" 167
"../../../GD1_Ball/Content/StarterContent/Textures/T_CobbleStone_Pebble_M.uasset" 168
"../../../GD1_Ball/Content/StarterContent/Textures/T_CobbleStone_Pebble_N.uasset" 169
"../../../GD1_Ball/Content/StarterContent/Materials/M_CobbleStone_Pebble.uasset" 170
"../../../GD1_Ball/Content/StarterContent/Textures/T_CobbleStone_Rough_D.uasset" 171
"../../../GD1_Ball/Content/StarterContent/Textures/T_CobbleStone_Rough_N.uasset" 172
"../../../GD1_Ball/Content/StarterContent/Textures/T_Gradinet_01.uasset" 173
"../../../GD1_Ball/Content/StarterContent/Textures/T_Rock_Smooth_Granite_D.uasset" 174
"../../../GD1_Ball/Content/StarterContent/Materials/M_CobbleStone_Rough.uasset" 175
"../../../GD1_Ball/Content/StarterContent/Textures/T_CobbleStone_Smooth_D.uasset" 176
"../../../GD1_Ball/Content/StarterContent/Textures/T_CobbleStone_Smooth_M.uasset" 177
"../../../GD1_Ball/Content/StarterContent/Textures/T_CobbleStone_Smooth_N.uasset" 178
"../../../GD1_Ball/Content/StarterContent/Materials/M_CobbleStone_Smooth.uasset" 179
"../../../GD1_Ball/Content/StarterContent/Textures/T_Concrete_Grime_D.uasset" 180
"../../../GD1_Ball/Content/StarterContent/Textures/T_Metal_Rust_N.uasset" 181
"../../../GD1_Ball/Content/StarterContent/Materials/M_Concrete_Grime.uasset" 182
"../../../GD1_Ball/Content/StarterContent/Textures/T_Concrete_Panels_D.uasset" 183
"../../../GD1_Ball/Content/StarterContent/Textures/T_Concrete_Panels_N.uasset" 184
"../../../GD1_Ball/Content/StarterContent/Materials/M_Concrete_Panels.uasset" 185
"../../../GD1_Ball/Content/StarterContent/Textures/T_Concrete_Poured_D.uasset" 186
"../../../GD1_Ball/Content/StarterContent/Textures/T_Concrete_Poured_N.uasset" 187
"../../../GD1_Ball/Content/StarterContent/Materials/M_Concrete_Poured.uasset" 188
"../../../GD1_Ball/Content/StarterContent/Textures/T_Concrete_Tiles_D.uasset" 189
"../../../GD1_Ball/Content/StarterContent/Textures/T_Concrete_Tiles_M.uasset" 190
"../../../GD1_Ball/Content/StarterContent/Textures/T_Concrete_Tiles_N.uasset" 191
"../../../GD1_Ball/Content/StarterContent/Textures/T_Concrete_Tiles_Variation_M.uasset" 192
"../../../GD1_Ball/Content/StarterContent/Materials/M_Concrete_Tiles.uasset" 193
"../../../GD1_Ball/Content/StarterContent/Textures/T_Ground_Grass_D.uasset" 194
"../../../GD1_Ball/Content/StarterContent/Textures/T_Ground_Grass_N.uasset" 195
"../../../GD1_Ball/Content/StarterContent/Materials/M_Ground_Grass.uasset" 196
"../../../GD1_Ball/Content/StarterContent/Textures/T_Ground_Gravel_D.uasset" 197
"../../../GD1_Ball/Content/StarterContent/Textures/T_Ground_Gravel_N.uasset" 198
"../../../GD1_Ball/Content/StarterContent/Materials/M_Ground_Gravel.uasset" 199
"../../../GD1_Ball/Content/StarterContent/Textures/T_ground_Moss_D.uasset" 200
"../../../GD1_Ball/Content/StarterContent/Textures/T_Ground_Moss_N.uasset" 201
"../../../GD1_Ball/Content/StarterContent/Materials/M_Ground_Moss.uasset" 202
"../../../GD1_Ball/Content/StarterContent/Materials/M_Metal_Chrome.uasset" 203
"../../../GD1_Ball/Content/StarterContent/Textures/T_Metal_Gold_D.uasset" 204
"../../../GD1_Ball/Content/StarterContent/Materials/M_Metal_Gold.uasset" 205
"../../../Engine/Content/Functions/Engine_MaterialFunctions02/Utility/BlendAngleCorrectedNormals.uasset" 206
"../../../GD1_Ball/Content/StarterContent/Textures/T_Metal_Rust_D.uasset" 207
"../../../GD1_Ball/Content/StarterContent/Materials/M_Metal_Rust.uasset" 208
"../../../GD1_Ball/Content/StarterContent/Textures/T_Metal_Steel_D.uasset" 209
"../../../GD1_Ball/Content/StarterContent/Textures/T_Metal_Steel_N.uasset" 210
"../../../GD1_Ball/Content/StarterContent/Materials/M_Metal_Steel.uasset" 211
"../../../GD1_Ball/Content/StarterContent/Textures/T_Rock_Basalt_D.uasset" 212
"../../../GD1_Ball/Content/StarterContent/Textures/T_Rock_Basalt_N.uasset" 213
"../../../GD1_Ball/Content/StarterContent/Materials/M_Rock_Basalt.uasset" 214
"../../../GD1_Ball/Content/StarterContent/Materials/M_Rock_Marble_Polished.uasset" 215
"../../../GD1_Ball/Content/StarterContent/Textures/T_Rock_Sandstone_D.uasset" 216
"../../../GD1_Ball/Content/StarterContent/Textures/T_Rock_Sandstone_N.uasset" 217
"../../../GD1_Ball/Content/StarterContent/Materials/M_Rock_Sandstone.uasset" 218
"../../../GD1_Ball/Content/StarterContent/Textures/T_Rock_Slate_D.uasset" 219
"../../../GD1_Ball/Content/StarterContent/Textures/T_Rock_Slate_N.uasset" 220
"../../../GD1_Ball/Content/StarterContent/Materials/M_Rock_Slate.uasset" 221
"../../../GD1_Ball/Content/StarterContent/Textures/T_Checker_Noise_M.uasset" 222
"../../../GD1_Ball/Content/StarterContent/Textures/T_Single_Tile_N.uasset" 223
"../../../GD1_Ball/Content/StarterContent/Textures/T_Tech_Dot_M.uasset" 224
"../../../GD1_Ball/Content/StarterContent/Textures/T_Tech_Dot_N.uasset" 225
"../../../GD1_Ball/Content/StarterContent/Materials/M_Tech_Checker_Dot.uasset" 226
"../../../GD1_Ball/Content/StarterContent/Textures/T_Tech_Hex_Tile_M.uasset" 227
"../../../GD1_Ball/Content/StarterContent/Textures/T_Tech_Hex_Tile_N.uasset" 228
"../../../GD1_Ball/Content/StarterContent/Materials/M_Tech_Hex_Tile.uasset" 229
"../../../GD1_Ball/Content/StarterContent/Materials/M_Tech_Hex_Tile_Pulse.uasset" 230
"../../../GD1_Ball/Content/StarterContent/Textures/T_Tech_Panel_M.uasset" 231
"../../../GD1_Ball/Content/StarterContent/Textures/T_Tech_Panel_N.uasset" 232
"../../../GD1_Ball/Content/StarterContent/Materials/M_Tech_Panel.uasset" 233
"../../../GD1_Ball/Content/StarterContent/Materials/M_Water_Lake.uasset" 234
"../../../GD1_Ball/Content/StarterContent/Textures/T_Water_M.uasset" 235
"../../../GD1_Ball/Content/StarterContent/Materials/M_Water_Ocean.uasset" 236
"../../../GD1_Ball/Content/StarterContent/Textures/T_Wood_Floor_Walnut_D.uasset" 237
"../../../GD1_Ball/Content/StarterContent/Textures/T_Wood_Floor_Walnut_M.uasset" 238
"../../../GD1_Ball/Content/StarterContent/Textures/T_Wood_Floor_Walnut_N.uasset" 239
"../../../GD1_Ball/Content/StarterContent/Materials/M_Wood_Floor_Walnut_Polished.uasset" 240
"../../../Engine/Content/Functions/Engine_MaterialFunctions01/Opacity/AlphaOffset.uasset" 241
"../../../GD1_Ball/Content/StarterContent/Materials/M_Wood_Floor_Walnut_Worn.uasset" 242
"../../../GD1_Ball/Content/StarterContent/Textures/T_Wood_Oak_D.uasset" 243
"../../../GD1_Ball/Content/StarterContent/Textures/T_Wood_Oak_N.uasset" 244
"../../../GD1_Ball/Content/StarterContent/Materials/M_Wood_Oak.uasset" 245
"../../../GD1_Ball/Content/StarterContent/Textures/T_Wood_Pine_D.uasset" 246
"../../../GD1_Ball/Content/StarterContent/Textures/T_Wood_Pine_N.uasset" 247
"../../../GD1_Ball/Content/StarterContent/Materials/M_Wood_Pine.uasset" 248
"../../../GD1_Ball/Content/StarterContent/Textures/T_Wood_Walnut_D.uasset" 249
"../../../GD1_Ball/Content/StarterContent/Textures/T_Wood_Walnut_N.uasset" 250
"../../../GD1_Ball/Content/StarterContent/Materials/M_Wood_Walnut.uasset" 251
"../../../GD1_Ball/Content/StarterContent/Materials/M_Basic_Wall.uasset" 252
"../../../GD1_Ball/Content/StarterContent/Architecture/Wall_400x200.uasset" 253
"../../../GD1_Ball/Content/StarterContent/Architecture/Wall_Door_400x300.uasset" 254
"../../../GD1_Ball/Content/StarterContent/Architecture/Wall_Window_400x300.uasset" 255
"../../../GD1_Ball/Content/StarterContent/Audio/Collapse01.uasset" 256
"../../../GD1_Ball/Content/StarterContent/Audio/Collapse02.uasset" 257
"../../../GD1_Ball/Content/StarterContent/Audio/Collapse_Cue.uasset" 258
"../../../GD1_Ball/Content/StarterContent/Audio/Starter_Music01.uasset" 259
"../../../GD1_Ball/Content/StarterContent/Audio/Starter_Music_Cue.uasset" 260
"../../../GD1_Ball/Content/StarterContent/Textures/T_Dust_Particle_D.uasset" 261
"../../../GD1_Ball/Content/StarterContent/Particles/Materials/M_Dust_Particle.uasset" 262
"../../../GD1_Ball/Content/StarterContent/Particles/P_Ambient_Dust.uasset" 263
"../../../GD1_Ball/Content/StarterContent/Props/MaterialSphere.uasset" 264
"../../../GD1_Ball/Content/StarterContent/Textures/T_Frame_M.uasset" 265
"../../../GD1_Ball/Content/StarterContent/Textures/T_Frame_N.uasset" 266
"../../../GD1_Ball/Content/StarterContent/Props/Materials/M_Frame.uasset" 267
"../../../GD1_Ball/Content/StarterContent/Props/SM_CornerFrame.uasset" 268
"../../../GD1_Ball/Content/StarterContent/Props/SM_DoorFrame.uasset" 269
"../../../GD1_Ball/Content/StarterContent/Materials/M_Glass.uasset" 270
"../../../GD1_Ball/Content/StarterContent/Props/SM_GlassWindow.uasset" 271
"../../../GD1_Ball/Content/StarterContent/Props/SM_PillarFrame.uasset" 272
"../../../GD1_Ball/Content/StarterContent/Props/SM_PillarFrame300.uasset" 273
"../../../GD1_Ball/Content/StarterContent/Props/SM_WindowFrame.uasset" 274
"../../../GD1_Ball/Content/StarterContent/Shapes/Shape_Cube.uasset" 275
"../../../GD1_Ball/Content/StarterContent/Shapes/Shape_QuadPyramid.uasset" 276
"../../../GD1_Ball/Content/StarterContent/Shapes/Shape_Sphere.uasset" 277
"../../../GD1_Ball/Content/StarterContent/Maps/StarterMap.umap" 278
"../../../Engine/Content/EngineFonts/Roboto.uasset" 279
"../../../Engine/Content/Functions/Engine_MaterialFunctions01/Shading/PowerToRoughness.uasset" 280
"../../../Engine/Content/EngineMaterials/DefaultDeferredDecalMaterial.uasset" 281
"../../../Engine/Content/EngineMaterials/DefaultLightFunctionMaterial.uasset" 282
"../../../Engine/Content/Functions/Engine_MaterialFunctions02/Utility/BreakOutFloat2Components.uasset" 283
"../../../Engine/Content/EngineMaterials/DefaultPostProcessMaterial.uasset" 284
"../../../Engine/Content/EngineResources/DefaultTexture.uasset" 285
"../../../Engine/Content/Functions/Engine_MaterialFunctions02/Texturing/ScreenAlignedUVs.uasset" 286
"../../../Engine/Content/EngineResources/WhiteSquareTexture.uasset" 287
"../../../Engine/Content/EngineMaterials/Widget3DPassThrough.uasset" 288
"../../../Engine/Content/EngineMaterials/Widget3DPassThrough_Translucent.uasset" 289
"../../../Engine/Content/EngineMaterials/Widget3DPassThrough_Translucent_OneSided.uasset" 290
"../../../Engine/Content/EngineMaterials/Widget3DPassThrough_Opaque.uasset" 291
"../../../Engine/Content/EngineMaterials/Widget3DPassThrough_Opaque_OneSided.uasset" 292
"../../../Engine/Content/EngineMaterials/Widget3DPassThrough_Masked.uasset" 293
"../../../Engine/Content/EngineMaterials/Widget3DPassThrough_Masked_OneSided.uasset" 294
"../../../Engine/Content/EditorResources/S_Actor.uasset" 295
"../../../Engine/Content/Maps/Templates/Thumbnails/Default.uasset" 296
"../../../Engine/Content/EditorMaterials/ParticleSystems/PSysThumbnail_NoImage.uasset" 297
"../../../Engine/Content/EditorMaterials/ParticleSystems/PSysThumbnail_OOD.uasset" 298
"../../../Engine/Content/EditorLandscapeResources/DataLayer.uasset" 299
"../../../Engine/Content/EngineDamageTypes/DmgTypeBP_Environmental.uasset" 300
"../../../Engine/Content/EngineMeshes/Sphere.uasset" 301
"../../../Engine/Content/EngineMaterials/DefaultTextMaterialOpaque.uasset" 302
"../../../Engine/Content/EditorResources/S_Trigger.uasset" 303
"../../../Engine/Content/EngineResources/GradientTexture0.uasset" 304
"../../../Engine/Content/EngineResources/Black.uasset" 305
"../../../Engine/Content/EditorMaterials/MatineeGroups/MAT_Groups_Float.uasset" 306
"../../../Engine/Content/EditorMaterials/MatineeGroups/MAT_Groups_Director.uasset" 307
"../../../Engine/Content/EditorMaterials/MatineeGroups/MAT_Groups_Event.uasset" 308
"../../../Engine/Content/EditorMaterials/MatineeGroups/MAT_Groups_Anim.uasset" 309
"../../../Engine/Content/EditorMaterials/MatineeGroups/MAT_Groups_Fade.uasset" 310
"../../../Engine/Content/EditorMaterials/MatineeGroups/MAT_Groups_Move.uasset" 311
"../../../Engine/Content/EditorMaterials/MatineeGroups/MAT_Groups_Slomo.uasset" 312
"../../../Engine/Content/EditorMaterials/MatineeGroups/MAT_ColorTrack.uasset" 313
"../../../Engine/Content/EditorMaterials/MAT_Groups_Toggle.uasset" 314
"../../../Engine/Content/EditorMaterials/MatineeGroups/MAT_Groups_AudioMaster.uasset" 315
"../../../Engine/Content/EditorMaterials/MatineeGroups/MAT_Groups_Sound.uasset" 316
"../../../Engine/Content/EditorMaterials/MatineeGroups/MAT_Groups_Vector.uasset" 317
"../../../Engine/Content/EditorMaterials/MAT_Groups_Visibility.uasset" 318
"../../../Engine/Content/EngineResources/DefaultTextureCube.uasset" 319
"../../../Engine/Content/EngineMeshes/Cylinder.uasset" 320
"../../../Engine/Content/EngineTireTypes/DefaultTireType.uasset" 321
"../../../Engine/Content/EngineResources/AICON-Red.uasset" 322
"../../../Engine/Content/EngineResources/AICON-Green.uasset" 323
"../../../Engine/Content/Tutorial/Basics/TutorialAssets/icon_tab_Levels_40x.uasset" 324
"../../../Engine/Content/Tutorial/Basics/LevelEditorOverview.uasset" 325
"../../../Engine/Content/Tutorial/BlueprintTutorials/TutorialAssets/Blueprint_64x.uasset" 326
"../../../Engine/Content/Tutorial/BlueprintTutorials/BlueprintEditorTutorial.uasset" 327
"../../../Engine/Content/Tutorial/Basics/LevelEditorAttract.uasset" 328
"../../../GD1_Ball/Content/RollingBP/RollingOverview.uasset" 329
"../../../Engine/Content/Tutorial/ContentIntroCurve.uasset" 330
"../../../Engine/Plugins/2D/Paper2D/Content/PlaceholderTextures/DummySpriteTexture.uasset" 331
"../../../Engine/Plugins/2D/Paper2D/Content/DummySpriteTexture.uasset" 332
"../../../Engine/Plugins/2D/Paper2D/Content/DefaultSpriteMaterial.uasset" 333
"../../../Engine/Plugins/2D/Paper2D/Content/MaskedUnlitSpriteMaterial.uasset" 334
"../../../Engine/Plugins/2D/Paper2D/Content/OpaqueUnlitSpriteMaterial.uasset" 335
"../../../Engine/Plugins/2D/Paper2D/Content/DummySprite.uasset" 336
"../../../Engine/Plugins/2D/Paper2D/Content/DefaultPaperTerrainMaterial.uasset" 337
"../../../Engine/Plugins/Runtime/LeapMotionController/Content/LM_CapsuleMesh.uasset" 338
"../../../Engine/Plugins/Runtime/LeapMotionController/Content/LM_TorusMesh.uasset" 339
"../../../Engine/Plugins/Runtime/LeapMotionController/Content/LM_HandColor.uasset" 340
"../../../Engine/Plugins/Runtime/LeapMotionController/Content/LM_SampleDistortion.uasset" 341
"../../../Engine/Plugins/Runtime/LeapMotionController/Content/LM_TestTexture.uasset" 342
"../../../Engine/Plugins/Runtime/LeapMotionController/Content/LM_PassthroughMaterial.uasset" 343
"../../../Engine/Content/EngineMaterials/RemoveSurfaceMaterial.uasset" 344
"../../../Engine/Content/EngineDebugMaterials/DebugMeshMaterial.uasset" 345
"../../../Engine/Content/EngineMaterials/InvalidLightmapSettings.uasset" 346
"../../../Engine/Content/EngineMaterials/M_InvalidLightmapSettings.uasset" 347
"../../../Engine/Content/EditorMaterials/GizmoMaterial.uasset" 348
"../../../Engine/Content/EngineMaterials/Good64x64TilingNoiseHighFreq.uasset" 349
"../../../Engine/Content/EngineMaterials/DefaultBokeh.uasset" 350
"../../../Engine/Content/EngineMaterials/PreintegratedSkinBRDF.uasset" 351
"../../../Engine/Content/EngineMaterials/MiniFont.uasset" 352
"../../../Engine/Content/EngineMaterials/WeightMapPlaceholderTexture.uasset" 353
"../../../Engine/Content/EngineMaterials/DefaultPhysicalMaterial.uasset" 354
"../../../Engine/Content/EngineFonts/RobotoTiny.uasset" 355
"../../../GD1_Ball/Content/StarterContent/Textures/T_CobbleStone_Rough_Mat.uasset" 356
"../../../GD1_Ball/Content/StarterContent/Shapes/Shape_WideCapsule.uasset" 357
"../../../Engine/Content/EditorResources/AudioIcons/S_AudioComponent.uasset" 358
"../../../Engine/Content/MobileResources/HUD/VirtualJoystick_Background.uasset" 359
"../../../Engine/Content/MobileResources/HUD/VirtualJoystick_Thumb.uasset" 360
"../../../Engine/Content/MobileResources/HUD/LeftVirtualJoystickOnly.uasset" 361
"../../../GD1_Ball/Content/RollingBP/UMG/MainMenu/MainMenu_Background_2.uasset" 362
"../../../Engine/Content/MobileResources/HUD/MobileHUDButton1_on.uasset" 363
"../../../Engine/Content/MobileResources/HUD/MobileHUDButton2_on.uasset" 364
"../../../Engine/Content/MobileResources/HUD/MobileHUDButtonFire.uasset" 365
"../../../Engine/Content/EditorResources/AudioIcons/S_AudioComponent_AutoActivate.uasset" 366
"../../../Engine/Content/EditorResources/EmptyActor.uasset" 367
"../../../GD1_Ball/Content/RollingBP/UMG/MainMenu/MainMenu_Background__1.uasset" 368
"../../../GD1_Ball/Content/StarterContent/Shapes/Shape_Wedge_A.uasset" 369
"../../../Engine/Content/MobileResources/HUD/MobileHUDDirectionPad.uasset" 370
"../../../GD1_Ball/Content/RollingBP/UMG/MainMenu/MainMenu_Music.uasset" 371
"../../../Engine/Content/MobileResources/HUD/MobileHUDButton1_off.uasset" 372
"../../../Engine/Content/MobileResources/HUD/MobileHUDButton3.uasset" 373
"../../../Engine/Content/MobileResources/HUD/T_Castle_ThumbstickInner.uasset" 374
"../../../Engine/Content/MobileResources/T_MobileControls_texture.uasset" 375
"../../../Engine/Content/MobileResources/HUD/DefaultVirtualJoysticks.uasset" 376
"../../../GD1_Ball/Content/Geometry/Meshes/CubeMaterial.uasset" 377
"../../../GD1_Ball/Content/Geometry/Meshes/1M_Cube.uasset" 378
"../../../GD1_Ball/Content/Geometry/Meshes/1M_Cube_Chamfer.uasset" 379
"../../../GD1_Ball/Content/Geometry/Meshes/TemplateFloor.uasset" 380
"../../../GD1_Ball/Content/Rolling/Materials/BaseMaterial.uasset" 381
"../../../GD1_Ball/Content/Rolling/Materials/GrayMaterial.uasset" 382
"../../../GD1_Ball/Content/Rolling/Materials/GrayMetalMaterial.uasset" 383
"../../../GD1_Ball/Content/Rolling/Materials/OrangeMetalMaterial.uasset" 384
"../../../Engine/Content/EditorMaterials/PhAT_JointLimitMaterial.uasset" 385
"../../../Engine/Content/EditorMaterials/PreviewShadowIndicator.uasset" 386
"../../../Engine/Content/EditorMaterials/PreviewShadowIndicatorMaterial.uasset" 387
"../../../Engine/Content/EditorResources/BSPVertex.uasset" 388
"../../../Engine/Content/EditorResources/LightIcons/S_LightError.uasset" 389
"../../../Engine/Content/EngineDebugMaterials/HeatmapGradient.uasset" 390
"../../../Engine/Content/EngineDebugMaterials/BoneWeightMaterial.uasset" 391
"../../../Engine/Content/EngineDebugMaterials/GeomMaterial.uasset" 392
"../../../Engine/Content/Functions/Engine_MaterialFunctions01/Shading/ConvertFromDiffSpec.uasset" 393
"../../../Engine/Content/EngineDebugMaterials/LevelColorationLitMaterial.uasset" 394
"../../../Engine/Content/EngineDebugMaterials/LevelColorationUnlitMaterial.uasset" 395
"../../../Engine/Content/EngineMaterials/DefaultWhiteGrid.uasset" 396
"../../../Engine/Content/EngineDebugMaterials/MAT_LevelColorationLitLightmapUV.uasset" 397
"../../../Engine/Content/EngineDebugMaterials/ShadedLevelColorationLitMaterial.uasset" 398
"../../../Engine/Content/EngineDebugMaterials/ShadedLevelColorationUnlitMateri.uasset" 399
"../../../Engine/Content/EngineDebugMaterials/VertexColorMaterial.uasset" 400
"../../../Engine/Content/EngineDebugMaterials/VertexColorViewMode_AlphaAsColor.uasset" 401
"../../../Engine/Content/EngineDebugMaterials/VertexColorViewMode_BlueOnly.uasset" 402
"../../../Engine/Content/EngineDebugMaterials/VertexColorViewMode_ColorOnly.uasset" 403
"../../../Engine/Content/EngineDebugMaterials/VertexColorViewMode_GreenOnly.uasset" 404
"../../../Engine/Content/EngineDebugMaterials/VertexColorViewMode_RedOnly.uasset" 405
"../../../Engine/Content/EngineDebugMaterials/WireframeMaterial.uasset" 406
"../../../Engine/Content/EngineMaterials/EditorBrushMaterial.uasset" 407
"../../../Engine/Content/MobileResources/T_MobileMenu2.uasset" 408
"../../../Engine/Content/MobileResources/HUD/AnalogHat.uasset" 409
"../../../Engine/Content/MobileResources/HUD/MobileHUDButton2_off.uasset" 410
"../../../Engine/Content/MobileResources/HUD/MobileHUDDirectionPad2.uasset" 411
"../../../Engine/Content/MobileResources/HUD/MobileHUDDirectionPad3.uasset" 412
"../../../Engine/Content/MobileResources/HUD/MobileHUDDirectionStick.uasset" 413
"../../../Engine/Content/MobileResources/HUD/T_Castle_ThumbstickOutter.uasset" 414
"../../../Engine/Content/Tutorial/BlueprintTutorials/TutorialAssets/BlueprintInterface_64x.uasset" 415
"../../../Engine/Content/Tutorial/BlueprintTutorials/TutorialAssets/Tutorial_BP_Interface.uasset" 416
"../../../Engine/Content/Tutorial/BlueprintTutorials/BlueprintInterfacesEditorOverview.uasset" 417
"../../../Engine/Content/Tutorial/BlueprintTutorials/TutorialAssets/BlueprintMacroLibrary_64x.uasset" 418
"../../../Engine/Content/Tutorial/BlueprintTutorials/TutorialAssets/Tutorial_BP_MacroLib.uasset" 419
"../../../Engine/Content/Tutorial/BlueprintTutorials/BlueprintMacroLibrariesEditorOverview.uasset" 420
"../../../Engine/Content/Tutorial/BlueprintTutorials/LevelBlueprintEditorOverview.uasset" 421
"../../../Engine/Content/Tutorial/Foliage/TutorialAssets/Foliage.uasset" 422
"../../../Engine/Content/Tutorial/Foliage/Foliage_Settings_Tutorial.uasset" 423
"../../../Engine/Content/Tutorial/Foliage/Foliage_Using_The_Tool_Tutorial.uasset" 424
"../../../Engine/Content/Tutorial/Foliage/Foliage_Intro_Tutorial.uasset" 425
"../../../Engine/Content/Tutorial/Landscape/TutorialAssets/Landscape.uasset" 426
"../../../Engine/Content/Tutorial/Landscape/Landscape_Painting_Mode.uasset" 427
"../../../Engine/Content/Tutorial/Landscape/Landscape_Sculpt_Mode.uasset" 428
"../../../Engine/Content/Tutorial/Landscape/Landscape_Manage_Mode.uasset" 429
"../../../Engine/Content/Tutorial/Paper2D/TutorialAssets/Paper2DFlipbook_TutorialIcon.uasset" 430
"../../../Engine/Content/Tutorial/Paper2D/FlipbookEditorTutorial.uasset" 431
"../../../Engine/Content/Tutorial/Paper2D/TutorialAssets/Paper2DSprite_TutorialIcon.uasset" 432
"../../../Engine/Content/Tutorial/Paper2D/SpriteEditorTutorial.uasset" 433
"../../../Engine/Content/EditorMeshes/EditorCube.uasset" 434
"../../../Engine/Content/Tutorial/SubEditors/TutorialAssets/Tutorial_DM.uasset" 435
"../../../Engine/Content/Tutorial/SubEditors/DestructibleMeshEditorTutorial.uasset" 436
"../../../Engine/Content/Tutorial/SubEditors/TutorialAssets/TutorialMaterial.uasset" 437
"../../../Engine/Content/Tutorial/SubEditors/MaterialEditorTutorial.uasset" 438
"../../../Engine/Content/Tutorial/SubEditors/TutorialAssets/T_SmokeSubUV_8X8.uasset" 439
"../../../Engine/Content/Tutorial/SubEditors/TutorialAssets/T_soft_smoke.uasset" 440
"../../../Engine/Content/Tutorial/SubEditors/TutorialAssets/M_smoke_subUV_blackbody.uasset" 441
"../../../Engine/Content/Tutorial/SubEditors/TutorialAssets/TutorialParticleSystem.uasset" 442
"../../../Engine/Content/Tutorial/SubEditors/ParticleSystemEditorTutorial.uasset" 443
"../../../Engine/Content/Tutorial/SubEditors/TutorialAssets/icon_ShowSkeletalMeshes_40x.uasset" 444
"../../../Engine/Content/Tutorial/SubEditors/TutorialAssets/Character/TutorialTPP_Mat.uasset" 445
"../../../Engine/Content/Tutorial/SubEditors/TutorialAssets/Character/TutorialTPP_PhysicsAsset.uasset" 446
"../../../Engine/Content/Tutorial/SubEditors/TutorialAssets/Character/TutorialTPP.uasset" 447
"../../../Engine/Content/Tutorial/SubEditors/TutorialAssets/Character/TutorialTPP_Skeleton.uasset" 448
"../../../Engine/Content/Tutorial/SubEditors/TutorialAssets/Character/Tutorial_Idle.uasset" 449
"../../../Engine/Content/Tutorial/SubEditors/TutorialAssets/Character/Tutorial_Walk_Fwd.uasset" 450
"../../../Engine/Content/Tutorial/SubEditors/TutorialAssets/Character/NewBlendSpace1D.uasset" 451
"../../../Engine/Content/Tutorial/SubEditors/TutorialAssets/Character/TutorialCharacter.uasset" 452
"../../../Engine/Content/Tutorial/SubEditors/TutorialAssets/Character/TutorialTPP_AnimBlueprint.uasset" 453
"../../../Engine/Content/Tutorial/SubEditors/PersonaAnimBlueprintEditorWalkthrough.uasset" 454
"../../../Engine/Content/Tutorial/SubEditors/PersonaAnimEditorWalkthrough.uasset" 455
"../../../Engine/Content/Tutorial/SubEditors/PersonaAnimEditorTutorial.uasset" 456
"../../../Engine/Content/EngineMeshes/Cube.uasset" 457
"../../../Engine/Content/Tutorial/SubEditors/StaticMeshEditorTutorial.uasset" 458
"../../../Engine/Content/Tutorial/SubEditors/TutorialAssets/icon_Editor_Preferences_General_40x.uasset" 459
"../../../GD1_Ball/Content/StarterContent/Architecture/Pillar_50x500.uasset" 460
"../../../GD1_Ball/Content/StarterContent/Architecture/Wall_400x300.uasset" 461
"../../../GD1_Ball/Content/StarterContent/Architecture/Wall_400x400.uasset" 462
"../../../GD1_Ball/Content/StarterContent/Architecture/Wall_500x500.uasset" 463
"../../../GD1_Ball/Content/StarterContent/Architecture/Wall_Door_400x400.uasset" 464
"../../../GD1_Ball/Content/StarterContent/Architecture/Wall_Window_400x400.uasset" 465
"../../../GD1_Ball/Content/StarterContent/Audio/Light01.uasset" 466
"../../../GD1_Ball/Content/StarterContent/Audio/Light01_Cue.uasset" 467
"../../../GD1_Ball/Content/StarterContent/Audio/Light02.uasset" 468
"../../../GD1_Ball/Content/StarterContent/Audio/Light02_Cue.uasset" 469
"../../../GD1_Ball/Content/StarterContent/Audio/Explosion01.uasset" 470
"../../../GD1_Ball/Content/StarterContent/Audio/Explosion02.uasset" 471
"../../../GD1_Ball/Content/StarterContent/Audio/Explosion_Cue.uasset" 472
"../../../GD1_Ball/Content/StarterContent/Textures/T_Burst_M.uasset" 473
"../../../GD1_Ball/Content/StarterContent/Particles/Materials/M_Burst.uasset" 474
"../../../GD1_Ball/Content/StarterContent/Textures/T_Explosion_SubUV.uasset" 475
"../../../GD1_Ball/Content/StarterContent/Particles/Materials/M_explosion_subUV.uasset" 476
"../../../GD1_Ball/Content/StarterContent/Particles/Materials/m_flare_01.uasset" 477
"../../../GD1_Ball/Content/StarterContent/Particles/Materials/M_radial_ramp.uasset" 478
"../../../GD1_Ball/Content/StarterContent/Particles/P_Explosion.uasset" 479
"../../../GD1_Ball/Content/StarterContent/Blueprints/Blueprint_Effect_Explosion.uasset" 480
"../../../GD1_Ball/Content/StarterContent/Materials/M_ColorGrid_LowSpec.uasset" 481
"../../../GD1_Ball/Content/StarterContent/Textures/T_Bush_D.uasset" 482
"../../../GD1_Ball/Content/StarterContent/Textures/T_Bush_N.uasset" 483
"../../../GD1_Ball/Content/StarterContent/Props/Materials/M_Bush.uasset" 484
"../../../GD1_Ball/Content/StarterContent/Props/SM_Bush.uasset" 485
"../../../GD1_Ball/Content/StarterContent/Props/SM_Couch.uasset" 486
"../../../GD1_Ball/Content/StarterContent/Textures/T_Door_M.uasset" 487
"../../../GD1_Ball/Content/StarterContent/Textures/T_Door_N.uasset" 488
"../../../GD1_Ball/Content/StarterContent/Props/Materials/M_Door.uasset" 489
"../../../GD1_Ball/Content/StarterContent/Props/SM_Door.uasset" 490
"../../../GD1_Ball/Content/StarterContent/Props/Materials/M_MaterialSphere.uasset" 491
"../../../GD1_Ball/Content/StarterContent/Props/Materials/M_MaterialSphere_Plain.uasset" 492
"../../../GD1_Ball/Content/StarterContent/Props/SM_MatPreviewMesh_02.uasset" 493
"../../../GD1_Ball/Content/StarterContent/Textures/T_RockMesh_M.uasset" 494
"../../../GD1_Ball/Content/StarterContent/Textures/T_RockMesh_N.uasset" 495
"../../../GD1_Ball/Content/StarterContent/Props/Materials/M_Rock.uasset" 496
"../../../GD1_Ball/Content/StarterContent/Props/SM_Rock.uasset" 497
"../../../GD1_Ball/Content/StarterContent/Textures/T_Shelf_M.uasset" 498
"../../../GD1_Ball/Content/StarterContent/Textures/T_Shelf_N.uasset" 499
"../../../GD1_Ball/Content/StarterContent/Props/Materials/M_Shelf.uasset" 500
"../../../GD1_Ball/Content/StarterContent/Props/SM_Shelf.uasset" 501
"../../../GD1_Ball/Content/StarterContent/Props/SM_Stairs.uasset" 502
"../../../GD1_Ball/Content/StarterContent/Shapes/Shape_Cone.uasset" 503
"../../../GD1_Ball/Content/StarterContent/Shapes/Shape_Cylinder.uasset" 504
"../../../Engine/Content/EngineMaterials/Grid.uasset" 505
"../../../GD1_Ball/Content/Rolling/Materials/PM_Ball.uasset" 506
"../../../GD1_Ball/Content/Rolling/Materials/M_Blue_Checker.uasset" 507
"../../../GD1_Ball/Content/StarterContent/Shapes/Shape_NarrowCapsule.uasset" 508
"../../../GD1_Ball/Content/StarterContent/Shapes/Shape_Pipe.uasset" 509
"../../../GD1_Ball/Content/StarterContent/Shapes/Shape_Pipe_180.uasset" 510
"../../../GD1_Ball/Content/StarterContent/Shapes/Shape_Pipe_90.uasset" 511
"../../../GD1_Ball/Content/StarterContent/Shapes/Shape_Plane.uasset" 512
"../../../GD1_Ball/Content/StarterContent/Shapes/Shape_Trim.uasset" 513
"../../../GD1_Ball/Content/StarterContent/Shapes/Shape_Trim_90_In.uasset" 514
"../../../GD1_Ball/Content/StarterContent/Shapes/Shape_Trim_90_Out.uasset" 515
"../../../GD1_Ball/Content/StarterContent/Shapes/Shape_TriPyramid.uasset" 516
"../../../GD1_Ball/Content/StarterContent/Shapes/Shape_Tube.uasset" 517
